\BOOKMARK [0][-]{chapter*.3}{Summary}{}% 1
\BOOKMARK [0][-]{chapter.1}{Introduction}{}% 2
\BOOKMARK [0][-]{chapter.2}{Background}{}% 3
\BOOKMARK [1][-]{section.2.1}{Past Solution}{chapter.2}% 4
\BOOKMARK [1][-]{section.2.2}{Aim and Target}{chapter.2}% 5
\BOOKMARK [1][-]{section.2.3}{Scope and Constraints}{chapter.2}% 6
\BOOKMARK [0][-]{chapter.3}{Approach}{}% 7
\BOOKMARK [1][-]{section.3.1}{Solution Strategy}{chapter.3}% 8
\BOOKMARK [1][-]{section.3.2}{MatLab Methods}{chapter.3}% 9
\BOOKMARK [2][-]{subsection.3.2.1}{Canny Edge Detection}{section.3.2}% 10
\BOOKMARK [2][-]{subsection.3.2.2}{Polynomial curve fitting}{section.3.2}% 11
\BOOKMARK [2][-]{subsection.3.2.3}{Hough Transform and Hough Line Transform}{section.3.2}% 12
\BOOKMARK [2][-]{subsection.3.2.4}{Median Filter}{section.3.2}% 13
\BOOKMARK [1][-]{section.3.3}{Algorithm to reduce the bad edgels}{chapter.3}% 14
\BOOKMARK [2][-]{subsection.3.3.1}{Describe}{section.3.3}% 15
\BOOKMARK [2][-]{subsection.3.3.2}{Pseudo code}{section.3.3}% 16
\BOOKMARK [0][-]{chapter.4}{Result}{}% 17
\BOOKMARK [1][-]{section.4.1}{Best Result and Parameters}{chapter.4}% 18
\BOOKMARK [2][-]{subsection.4.1.1}{figure1}{section.4.1}% 19
\BOOKMARK [1][-]{section.4.2}{Discussion}{chapter.4}% 20
\BOOKMARK [1][-]{section.4.3}{Effect of Parameters}{chapter.4}% 21
\BOOKMARK [1][-]{section.4.4}{Problems}{chapter.4}% 22
\BOOKMARK [0][-]{chapter.5}{Future Work}{}% 23
\BOOKMARK [0][-]{chapter.6}{Conclusion}{}% 24
\BOOKMARK [0][-]{appendix.A}{The first appendix}{}% 25
\BOOKMARK [0][-]{appendix.B}{The Second appendix}{}% 26
\BOOKMARK [0][-]{appendix.B}{thanks}{}% 27
